#
# There is insufficient memory for the Java Runtime Environment to continue.
# Native memory allocation (mmap) failed to map 17825792 bytes. Error detail: G1 virtual space
# Possible reasons:
#   The system is out of physical RAM or swap space
#   This process is running with CompressedOops enabled, and the Java Heap may be blocking the growth of the native heap
# Possible solutions:
#   Reduce memory load on the system
#   Increase physical memory or swap space
#   Check if swap backing store is full
#   Decrease Java heap size (-Xmx/-Xms)
#   Decrease number of Java threads
#   Decrease Java thread stack sizes (-Xss)
#   Set larger code cache with -XX:ReservedCodeCacheSize=
#   JVM is running with Unscaled Compressed Oops mode in which the Java heap is
#     placed in the first 4GB address space. The Java Heap base address is the
#     maximum limit for the native heap growth. Please use -XX:HeapBaseMinAddress
#     to set the Java Heap base and to place the Java Heap above 4GB virtual address.
# This output file may be truncated or incomplete.
#
#  Out of Memory Error (os_windows.cpp:3686), pid=14312, tid=2584
#
# JRE version: OpenJDK Runtime Environment Temurin-21.0.6+7 (21.0.6+7) (build 21.0.6+7-LTS)
# Java VM: OpenJDK 64-Bit Server VM Temurin-21.0.6+7 (21.0.6+7-LTS, mixed mode, emulated-client, sharing, tiered, compressed oops, compressed class ptrs, g1 gc, windows-amd64)
# No core dump will be written. Minidumps are not enabled by default on client versions of Windows
#

---------------  S U M M A R Y ------------

Command Line: -Dcom.sun.management.jmxremote -Dcom.sun.management.jmxremote.port=52031 -Dcom.sun.management.jmxremote.authenticate=false -Dcom.sun.management.jmxremote.ssl=false -Djava.rmi.server.hostname=localhost -Dspring.jmx.enabled=true -Dmanagement.endpoints.jmx.exposure.include=* -Dspring.application.admin.enabled=true -Dspring.output.ansi.enabled=always -XX:TieredStopAtLevel=1 -Dspring.boot.project.name=SpringBootPaymentGatewayRezorpay -Dfile.encoding=UTF-8 -Dstdout.encoding=UTF-8 -Dstderr.encoding=UTF-8 -XX:+ShowCodeDetailsInExceptionMessages com.nec.SpringBootPaymentGatewayRezorpayApplication

Host: AMD Ryzen 5 5500U with Radeon Graphics         , 12 cores, 7G,  Windows 11 , 64 bit Build 26100 (10.0.26100.7019)
Time: Sat Dec 20 20:33:24 2025 India Standard Time elapsed time: 1711.789036 seconds (0d 0h 28m 31s)

---------------  T H R E A D  ---------------

Current thread (0x000002ab05423a30):  VMThread "VM Thread"          [id=2584, stack(0x000000e3c5c00000,0x000000e3c5d00000) (1024K)]

Stack: [0x000000e3c5c00000,0x000000e3c5d00000]
Native frames: (J=compiled Java code, j=interpreted, Vv=VM code, C=native code)
V  [jvm.dll+0x6cdee9]
V  [jvm.dll+0x8a83d1]
V  [jvm.dll+0x8aa8fe]
V  [jvm.dll+0x8aafe3]
V  [jvm.dll+0x27f706]
V  [jvm.dll+0x6ca755]
V  [jvm.dll+0x6bea3a]
V  [jvm.dll+0x355d6a]
V  [jvm.dll+0x35d936]
V  [jvm.dll+0x3af58e]
V  [jvm.dll+0x3af838]
V  [jvm.dll+0x329efc]
V  [jvm.dll+0x329f87]
V  [jvm.dll+0x36dd4c]
V  [jvm.dll+0x36c598]
V  [jvm.dll+0x3296c1]
V  [jvm.dll+0x36bc0a]
V  [jvm.dll+0x8b0cff]
V  [jvm.dll+0x8b2084]
V  [jvm.dll+0x8b25c0]
V  [jvm.dll+0x8b2863]
V  [jvm.dll+0x851f8b]
V  [jvm.dll+0x6cc5ed]
C  [ucrtbase.dll+0x37b0]
C  [KERNEL32.DLL+0x2e8d7]
C  [ntdll.dll+0x8c53c]

VM_Operation (0x000000e3c54fe3a0): G1CollectForAllocation, mode: safepoint, requested by thread 0x000002ab4e194bd0


---------------  P R O C E S S  ---------------

Threads class SMR info:
_java_thread_list=0x000002ab4e207710, length=38, elements={
0x000002ab0543ed20, 0x000002ab0543f770, 0x000002ab05441690, 0x000002ab0544aac0,
0x000002ab0544d530, 0x000002ab05450740, 0x000002ab05453ee0, 0x000002ab0554a930,
0x000002ab0554c370, 0x000002ab05548ef0, 0x000002ab05549580, 0x000002ab0554a2a0,
0x000002ab0554b650, 0x000002ab05549c10, 0x000002ab0554bce0, 0x000002ab4b88c5d0,
0x000002ab4b889e70, 0x000002ab4e194540, 0x000002ab4e191de0, 0x000002ab4e194bd0,
0x000002ab4e1958f0, 0x000002ab4b88ab90, 0x000002ab4b88cc60, 0x000002ab4b88b220,
0x000002ab4b88b8b0, 0x000002ab4b8897e0, 0x000002ab4b88fa50, 0x000002ab4b88f3c0,
0x000002ab4b88e6a0, 0x000002ab4b88ed30, 0x000002ab4b8900e0, 0x000002ab4b890770,
0x000002ab4b88d980, 0x000002ab4b890e00, 0x000002ab4e192470, 0x000002ab4e195f80,
0x000002ab4e192b00, 0x000002ab4e196610
}

Java Threads: ( => current thread )
  0x000002ab0543ed20 JavaThread "Reference Handler"          daemon [_thread_blocked, id=4516, stack(0x000000e3c5d00000,0x000000e3c5e00000) (1024K)]
  0x000002ab0543f770 JavaThread "Finalizer"                  daemon [_thread_blocked, id=27708, stack(0x000000e3c5e00000,0x000000e3c5f00000) (1024K)]
  0x000002ab05441690 JavaThread "Signal Dispatcher"          daemon [_thread_blocked, id=28596, stack(0x000000e3c5f00000,0x000000e3c6000000) (1024K)]
  0x000002ab0544aac0 JavaThread "Attach Listener"            daemon [_thread_blocked, id=21876, stack(0x000000e3c6000000,0x000000e3c6100000) (1024K)]
  0x000002ab0544d530 JavaThread "Service Thread"             daemon [_thread_blocked, id=24444, stack(0x000000e3c6100000,0x000000e3c6200000) (1024K)]
  0x000002ab05450740 JavaThread "Monitor Deflation Thread"   daemon [_thread_blocked, id=2800, stack(0x000000e3c6200000,0x000000e3c6300000) (1024K)]
  0x000002ab05453ee0 JavaThread "C1 CompilerThread0"         daemon [_thread_blocked, id=24268, stack(0x000000e3c6300000,0x000000e3c6400000) (1024K)]
  0x000002ab0554a930 JavaThread "Common-Cleaner"             daemon [_thread_blocked, id=22640, stack(0x000000e3c6400000,0x000000e3c6500000) (1024K)]
  0x000002ab0554c370 JavaThread "Notification Thread"        daemon [_thread_blocked, id=2312, stack(0x000000e3c6700000,0x000000e3c6800000) (1024K)]
  0x000002ab05548ef0 JavaThread "RMI TCP Accept-0"           daemon [_thread_in_native, id=14344, stack(0x000000e3c6800000,0x000000e3c6900000) (1024K)]
  0x000002ab05549580 JavaThread "RMI TCP Accept-52031"       daemon [_thread_in_native, id=2336, stack(0x000000e3c6900000,0x000000e3c6a00000) (1024K)]
  0x000002ab0554a2a0 JavaThread "RMI TCP Accept-0"           daemon [_thread_in_native, id=20352, stack(0x000000e3c6a00000,0x000000e3c6b00000) (1024K)]
  0x000002ab0554b650 JavaThread "RMI Scheduler(0)"           daemon [_thread_blocked, id=24056, stack(0x000000e3c7500000,0x000000e3c7600000) (1024K)]
  0x000002ab05549c10 JavaThread "RMI TCP Connection(idle)"   daemon [_thread_blocked, id=5684, stack(0x000000e3c7600000,0x000000e3c7700000) (1024K)]
  0x000002ab0554bce0 JavaThread "JMX server connection timeout 37" daemon [_thread_blocked, id=7604, stack(0x000000e3c7700000,0x000000e3c7800000) (1024K)]
  0x000002ab4b88c5d0 JavaThread "mysql-cj-abandoned-connection-cleanup" daemon [_thread_blocked, id=8880, stack(0x000000e3c8000000,0x000000e3c8100000) (1024K)]
  0x000002ab4b889e70 JavaThread "Live Reload Server"         daemon [_thread_in_native, id=24360, stack(0x000000e3c8600000,0x000000e3c8700000) (1024K)]
  0x000002ab4e194540 JavaThread "DestroyJavaVM"                     [_thread_blocked, id=9580, stack(0x000000e3c5500000,0x000000e3c5600000) (1024K)]
  0x000002ab4e191de0 JavaThread "OkHttp ConnectionPool"      daemon [_thread_blocked, id=20440, stack(0x000000e3c6600000,0x000000e3c6700000) (1024K)]
  0x000002ab4e194bd0 JavaThread "File Watcher"               daemon [_thread_blocked, id=19564, stack(0x000000e3c5400000,0x000000e3c5500000) (1024K)]
  0x000002ab4e1958f0 JavaThread "File Watcher"               daemon [_thread_blocked, id=26084, stack(0x000000e3c6500000,0x000000e3c6600000) (1024K)]
  0x000002ab4b88ab90 JavaThread "Catalina-utility-1"                [_thread_blocked, id=19668, stack(0x000000e3c7900000,0x000000e3c7a00000) (1024K)]
  0x000002ab4b88cc60 JavaThread "Catalina-utility-2"                [_thread_blocked, id=2884, stack(0x000000e3c7a00000,0x000000e3c7b00000) (1024K)]
  0x000002ab4b88b220 JavaThread "container-0"                       [_thread_blocked, id=2028, stack(0x000000e3c7b00000,0x000000e3c7c00000) (1024K)]
  0x000002ab4b88b8b0 JavaThread "HikariPool-11:housekeeper"  daemon [_thread_blocked, id=5740, stack(0x000000e3c7c00000,0x000000e3c7d00000) (1024K)]
  0x000002ab4b8897e0 JavaThread "File Watcher"               daemon [_thread_blocked, id=11040, stack(0x000000e3c8100000,0x000000e3c8200000) (1024K)]
  0x000002ab4b88fa50 JavaThread "http-nio-0.0.0.0-9000-exec-1" daemon [_thread_blocked, id=8692, stack(0x000000e3c8200000,0x000000e3c8300000) (1024K)]
  0x000002ab4b88f3c0 JavaThread "http-nio-0.0.0.0-9000-exec-2" daemon [_thread_blocked, id=23276, stack(0x000000e3c8300000,0x000000e3c8400000) (1024K)]
  0x000002ab4b88e6a0 JavaThread "http-nio-0.0.0.0-9000-exec-3" daemon [_thread_blocked, id=27660, stack(0x000000e3c8400000,0x000000e3c8500000) (1024K)]
  0x000002ab4b88ed30 JavaThread "http-nio-0.0.0.0-9000-exec-4" daemon [_thread_blocked, id=28388, stack(0x000000e3c8500000,0x000000e3c8600000) (1024K)]
  0x000002ab4b8900e0 JavaThread "http-nio-0.0.0.0-9000-exec-5" daemon [_thread_blocked, id=21928, stack(0x000000e3c8700000,0x000000e3c8800000) (1024K)]
  0x000002ab4b890770 JavaThread "http-nio-0.0.0.0-9000-exec-6" daemon [_thread_blocked, id=25952, stack(0x000000e3c8800000,0x000000e3c8900000) (1024K)]
  0x000002ab4b88d980 JavaThread "http-nio-0.0.0.0-9000-exec-7" daemon [_thread_blocked, id=11316, stack(0x000000e3c8900000,0x000000e3c8a00000) (1024K)]
  0x000002ab4b890e00 JavaThread "http-nio-0.0.0.0-9000-exec-8" daemon [_thread_blocked, id=27612, stack(0x000000e3c8a00000,0x000000e3c8b00000) (1024K)]
  0x000002ab4e192470 JavaThread "http-nio-0.0.0.0-9000-exec-9" daemon [_thread_blocked, id=2052, stack(0x000000e3c8b00000,0x000000e3c8c00000) (1024K)]
  0x000002ab4e195f80 JavaThread "http-nio-0.0.0.0-9000-exec-10" daemon [_thread_blocked, id=9952, stack(0x000000e3c8c00000,0x000000e3c8d00000) (1024K)]
  0x000002ab4e192b00 JavaThread "http-nio-0.0.0.0-9000-Poller" daemon [_thread_blocked, id=9348, stack(0x000000e3c8d00000,0x000000e3c8e00000) (1024K)]
  0x000002ab4e196610 JavaThread "http-nio-0.0.0.0-9000-Acceptor" daemon [_thread_in_native, id=10772, stack(0x000000e3c8e00000,0x000000e3c8f00000) (1024K)]
Total: 38

Other Threads:
=>0x000002ab05423a30 VMThread "VM Thread"                           [id=2584, stack(0x000000e3c5c00000,0x000000e3c5d00000) (1024K)]
  0x000002ab054137a0 WatcherThread "VM Periodic Task Thread"        [id=7112, stack(0x000000e3c5b00000,0x000000e3c5c00000) (1024K)]
  0x000002ab796b0250 WorkerThread "GC Thread#0"                     [id=17820, stack(0x000000e3c5600000,0x000000e3c5700000) (1024K)]
  0x000002ab4b54b780 WorkerThread "GC Thread#1"                     [id=19684, stack(0x000000e3c6c00000,0x000000e3c6d00000) (1024K)]
  0x000002ab4b730840 WorkerThread "GC Thread#2"                     [id=19728, stack(0x000000e3c6d00000,0x000000e3c6e00000) (1024K)]
  0x000002ab4b730be0 WorkerThread "GC Thread#3"                     [id=9456, stack(0x000000e3c6e00000,0x000000e3c6f00000) (1024K)]
  0x000002ab4b730f80 WorkerThread "GC Thread#4"                     [id=20136, stack(0x000000e3c6f00000,0x000000e3c7000000) (1024K)]
  0x000002ab4b733940 WorkerThread "GC Thread#5"                     [id=3868, stack(0x000000e3c7000000,0x000000e3c7100000) (1024K)]
  0x000002ab4b737cf0 WorkerThread "GC Thread#6"                     [id=21268, stack(0x000000e3c7100000,0x000000e3c7200000) (1024K)]
  0x000002ab4b739a40 WorkerThread "GC Thread#7"                     [id=22068, stack(0x000000e3c7200000,0x000000e3c7300000) (1024K)]
  0x000002ab4b738820 WorkerThread "GC Thread#8"                     [id=6448, stack(0x000000e3c7300000,0x000000e3c7400000) (1024K)]
  0x000002ab4b739300 WorkerThread "GC Thread#9"                     [id=22376, stack(0x000000e3c7400000,0x000000e3c7500000) (1024K)]
  0x000002ab796bfd20 ConcurrentGCThread "G1 Main Marker"            [id=18548, stack(0x000000e3c5700000,0x000000e3c5800000) (1024K)]
  0x000002ab796c2aa0 WorkerThread "G1 Conc#0"                       [id=24112, stack(0x000000e3c5800000,0x000000e3c5900000) (1024K)]
  0x000002ab4b7396a0 WorkerThread "G1 Conc#1"                       [id=24560, stack(0x000000e3c7d00000,0x000000e3c7e00000) (1024K)]
  0x000002ab4bfa3b70 WorkerThread "G1 Conc#2"                       [id=25120, stack(0x000000e3c7e00000,0x000000e3c7f00000) (1024K)]
  0x000002ab7970e080 ConcurrentGCThread "G1 Refine#0"               [id=15112, stack(0x000000e3c5900000,0x000000e3c5a00000) (1024K)]
  0x000002ab7970e8a0 ConcurrentGCThread "G1 Service"                [id=25916, stack(0x000000e3c5a00000,0x000000e3c5b00000) (1024K)]
Total: 18

Threads with active compile tasks:
Total: 0

VM state: at safepoint (normal execution)

VM Mutex/Monitor currently owned by a thread:  ([mutex/lock_event])
[0x00007ff98be9e380] Threads_lock - owner thread: 0x000002ab05423a30
[0x00007ff98be9e480] Heap_lock - owner thread: 0x000002ab4e194bd0

Heap address: 0x000000008ac00000, size: 1876 MB, Compressed Oops mode: 32-bit

CDS archive(s) mapped at: [0x000002ab06000000-0x000002ab06c80000-0x000002ab06c80000), size 13107200, SharedBaseAddress: 0x000002ab06000000, ArchiveRelocationMode: 1.
Compressed class space mapped at: 0x000002ab07000000-0x000002ab47000000, reserved size: 1073741824
Narrow klass base: 0x000002ab06000000, Narrow klass shift: 0, Narrow klass range: 0x100000000

GC Precious Log:
 CardTable entry size: 512
 Card Set container configuration: InlinePtr #cards 5 size 8 Array Of Cards #cards 12 size 40 Howl #buckets 4 coarsen threshold 1843 Howl Bitmap #cards 512 size 80 coarsen threshold 460 Card regions per heap region 1 cards per card region 2048
 CPUs: 12 total, 12 available
 Memory: 7501M
 Large Page Support: Disabled
 NUMA Support: Disabled
 Compressed Oops: Enabled (32-bit)
 Heap Region Size: 1M
 Heap Min Capacity: 8M
 Heap Initial Capacity: 118M
 Heap Max Capacity: 1876M
 Pre-touch: Disabled
 Parallel Workers: 10
 Concurrent Workers: 3
 Concurrent Refinement Workers: 10
 Periodic GC: Disabled

Heap:
 garbage-first heap   total 84992K, used 40511K [0x000000008ac00000, 0x0000000100000000)
  region size 1024K, 1 young (1024K), 1 survivors (1024K)
 Metaspace       used 88521K, committed 89536K, reserved 1179648K
  class space    used 12648K, committed 13056K, reserved 1048576K

Heap Regions: E=young(eden), S=young(survivor), O=old, HS=humongous(starts), HC=humongous(continues), CS=collection set, F=free, TAMS=top-at-mark-start, PB=parsable bottom
|   0|0x000000008ac00000, 0x000000008ad00000, 0x000000008ad00000|100%|HS|  |TAMS 0x000000008ac00000| PB 0x000000008ac00000| Complete 
|   1|0x000000008ad00000, 0x000000008ae00000, 0x000000008ae00000|100%|HS|  |TAMS 0x000000008ad00000| PB 0x000000008ad00000| Complete 
|   2|0x000000008ae00000, 0x000000008af00000, 0x000000008af00000|100%| O|  |TAMS 0x000000008ae00000| PB 0x000000008ae00000| Untracked 
|   3|0x000000008af00000, 0x000000008b000000, 0x000000008b000000|100%| O|  |TAMS 0x000000008af00000| PB 0x000000008af00000| Untracked 
|   4|0x000000008b000000, 0x000000008b0ffff0, 0x000000008b100000| 99%| O|  |TAMS 0x000000008b000000| PB 0x000000008b000000| Untracked 
|   5|0x000000008b100000, 0x000000008b1fe128, 0x000000008b200000| 99%| O|  |TAMS 0x000000008b100000| PB 0x000000008b100000| Untracked 
|   6|0x000000008b200000, 0x000000008b2ffff0, 0x000000008b300000| 99%| O|  |TAMS 0x000000008b200000| PB 0x000000008b200000| Untracked 
|   7|0x000000008b300000, 0x000000008b3fffb0, 0x000000008b400000| 99%| O|  |TAMS 0x000000008b300000| PB 0x000000008b300000| Untracked 
|   8|0x000000008b400000, 0x000000008b500000, 0x000000008b500000|100%| O|  |TAMS 0x000000008b400000| PB 0x000000008b400000| Untracked 
|   9|0x000000008b500000, 0x000000008b600000, 0x000000008b600000|100%| O|  |TAMS 0x000000008b500000| PB 0x000000008b500000| Untracked 
|  10|0x000000008b600000, 0x000000008b6fbcd8, 0x000000008b700000| 98%| O|  |TAMS 0x000000008b600000| PB 0x000000008b600000| Untracked 
|  11|0x000000008b700000, 0x000000008b7ffff0, 0x000000008b800000| 99%| O|  |TAMS 0x000000008b700000| PB 0x000000008b700000| Untracked 
|  12|0x000000008b800000, 0x000000008b8ffff8, 0x000000008b900000| 99%| O|  |TAMS 0x000000008b800000| PB 0x000000008b800000| Untracked 
|  13|0x000000008b900000, 0x000000008b9fff18, 0x000000008ba00000| 99%| O|  |TAMS 0x000000008b900000| PB 0x000000008b900000| Untracked 
|  14|0x000000008ba00000, 0x000000008bafffe0, 0x000000008bb00000| 99%| O|  |TAMS 0x000000008ba00000| PB 0x000000008ba00000| Untracked 
|  15|0x000000008bb00000, 0x000000008bbffff8, 0x000000008bc00000| 99%| O|  |TAMS 0x000000008bb00000| PB 0x000000008bb00000| Untracked 
|  16|0x000000008bc00000, 0x000000008bcfffe0, 0x000000008bd00000| 99%| O|  |TAMS 0x000000008bc00000| PB 0x000000008bc00000| Untracked 
|  17|0x000000008bd00000, 0x000000008bdfff48, 0x000000008be00000| 99%| O|  |TAMS 0x000000008bd00000| PB 0x000000008bd00000| Untracked 
|  18|0x000000008be00000, 0x000000008befffe0, 0x000000008bf00000| 99%| O|  |TAMS 0x000000008be00000| PB 0x000000008be00000| Untracked 
|  19|0x000000008bf00000, 0x000000008c000000, 0x000000008c000000|100%| O|  |TAMS 0x000000008bf00000| PB 0x000000008bf00000| Untracked 
|  20|0x000000008c000000, 0x000000008c0ffff8, 0x000000008c100000| 99%| O|  |TAMS 0x000000008c000000| PB 0x000000008c000000| Untracked 
|  21|0x000000008c100000, 0x000000008c1fff08, 0x000000008c200000| 99%| O|  |TAMS 0x000000008c100000| PB 0x000000008c100000| Untracked 
|  22|0x000000008c200000, 0x000000008c300000, 0x000000008c300000|100%| O|  |TAMS 0x000000008c200000| PB 0x000000008c200000| Untracked 
|  23|0x000000008c300000, 0x000000008c3ffff8, 0x000000008c400000| 99%| O|  |TAMS 0x000000008c300000| PB 0x000000008c300000| Untracked 
|  24|0x000000008c400000, 0x000000008c4ffff8, 0x000000008c500000| 99%| O|  |TAMS 0x000000008c400000| PB 0x000000008c400000| Untracked 
|  25|0x000000008c500000, 0x000000008c5fffd0, 0x000000008c600000| 99%| O|  |TAMS 0x000000008c500000| PB 0x000000008c500000| Untracked 
|  26|0x000000008c600000, 0x000000008c6fffc8, 0x000000008c700000| 99%| O|  |TAMS 0x000000008c600000| PB 0x000000008c600000| Untracked 
|  27|0x000000008c700000, 0x000000008c7fffe0, 0x000000008c800000| 99%| O|  |TAMS 0x000000008c700000| PB 0x000000008c700000| Untracked 
|  28|0x000000008c800000, 0x000000008c900000, 0x000000008c900000|100%| O|  |TAMS 0x000000008c800000| PB 0x000000008c800000| Untracked 
|  29|0x000000008c900000, 0x000000008c992678, 0x000000008ca00000| 57%| O|Cm|TAMS 0x000000008c900000| PB 0x000000008c900000| Complete 
|  30|0x000000008ca00000, 0x000000008caab620, 0x000000008cb00000| 66%| O|Cm|TAMS 0x000000008ca00000| PB 0x000000008ca00000| Complete 
|  31|0x000000008cb00000, 0x000000008cb48470, 0x000000008cc00000| 28%| O|  |TAMS 0x000000008cb00000| PB 0x000000008cb00000| Untracked 
|  32|0x000000008cc00000, 0x000000008cc700e0, 0x000000008cd00000| 43%| O|  |TAMS 0x000000008cc00000| PB 0x000000008cc00000| Untracked 
|  33|0x000000008cd00000, 0x000000008cd18d38, 0x000000008ce00000|  9%| O|Cm|TAMS 0x000000008cd00000| PB 0x000000008cd00000| Complete 
|  34|0x000000008ce00000, 0x000000008cf00000, 0x000000008cf00000|100%| O|  |TAMS 0x000000008ce00000| PB 0x000000008ce00000| Untracked 
|  35|0x000000008cf00000, 0x000000008d000000, 0x000000008d000000|100%| O|  |TAMS 0x000000008cf00000| PB 0x000000008cf00000| Untracked 
|  36|0x000000008d000000, 0x000000008d100000, 0x000000008d100000|100%| O|  |TAMS 0x000000008d000000| PB 0x000000008d000000| Untracked 
|  37|0x000000008d100000, 0x000000008d200000, 0x000000008d200000|100%| O|  |TAMS 0x000000008d100000| PB 0x000000008d100000| Untracked 
|  38|0x000000008d200000, 0x000000008d300000, 0x000000008d300000|100%| O|  |TAMS 0x000000008d200000| PB 0x000000008d200000| Untracked 
|  39|0x000000008d300000, 0x000000008d300000, 0x000000008d400000|  0%| F|  |TAMS 0x000000008d300000| PB 0x000000008d300000| Untracked 
|  40|0x000000008d400000, 0x000000008d500000, 0x000000008d500000|100%| O|  |TAMS 0x000000008d400000| PB 0x000000008d400000| Untracked 
|  41|0x000000008d500000, 0x000000008d600000, 0x000000008d600000|100%| O|  |TAMS 0x000000008d500000| PB 0x000000008d500000| Untracked 
|  42|0x000000008d600000, 0x000000008d69b640, 0x000000008d700000| 60%| O|  |TAMS 0x000000008d600000| PB 0x000000008d600000| Untracked 
|  43|0x000000008d700000, 0x000000008d700000, 0x000000008d800000|  0%| F|  |TAMS 0x000000008d700000| PB 0x000000008d700000| Untracked 
|  44|0x000000008d800000, 0x000000008d800000, 0x000000008d900000|  0%| F|  |TAMS 0x000000008d800000| PB 0x000000008d800000| Untracked 
|  45|0x000000008d900000, 0x000000008d900000, 0x000000008da00000|  0%| F|  |TAMS 0x000000008d900000| PB 0x000000008d900000| Untracked 
|  46|0x000000008da00000, 0x000000008da00000, 0x000000008db00000|  0%| F|  |TAMS 0x000000008da00000| PB 0x000000008da00000| Untracked 
|  47|0x000000008db00000, 0x000000008db00000, 0x000000008dc00000|  0%| F|  |TAMS 0x000000008db00000| PB 0x000000008db00000| Untracked 
|  48|0x000000008dc00000, 0x000000008dc00000, 0x000000008dd00000|  0%| F|  |TAMS 0x000000008dc00000| PB 0x000000008dc00000| Untracked 
|  49|0x000000008dd00000, 0x000000008ddec010, 0x000000008de00000| 92%| S|CS|TAMS 0x000000008dd00000| PB 0x000000008dd00000| Complete 
|  50|0x000000008de00000, 0x000000008de00000, 0x000000008df00000|  0%| F|  |TAMS 0x000000008de00000| PB 0x000000008de00000| Untracked 
|  51|0x000000008df00000, 0x000000008df00000, 0x000000008e000000|  0%| F|  |TAMS 0x000000008df00000| PB 0x000000008df00000| Untracked 
|  52|0x000000008e000000, 0x000000008e000000, 0x000000008e100000|  0%| F|  |TAMS 0x000000008e000000| PB 0x000000008e000000| Untracked 
|  53|0x000000008e100000, 0x000000008e100000, 0x000000008e200000|  0%| F|  |TAMS 0x000000008e100000| PB 0x000000008e100000| Untracked 
|  54|0x000000008e200000, 0x000000008e200000, 0x000000008e300000|  0%| F|  |TAMS 0x000000008e200000| PB 0x000000008e200000| Untracked 
|  55|0x000000008e300000, 0x000000008e300000, 0x000000008e400000|  0%| F|  |TAMS 0x000000008e300000| PB 0x000000008e300000| Untracked 
|  56|0x000000008e400000, 0x000000008e400000, 0x000000008e500000|  0%| F|  |TAMS 0x000000008e400000| PB 0x000000008e400000| Untracked 
|  57|0x000000008e500000, 0x000000008e500000, 0x000000008e600000|  0%| F|  |TAMS 0x000000008e500000| PB 0x000000008e500000| Untracked 
|  58|0x000000008e600000, 0x000000008e600000, 0x000000008e700000|  0%| F|  |TAMS 0x000000008e600000| PB 0x000000008e600000| Untracked 
|  59|0x000000008e700000, 0x000000008e700000, 0x000000008e800000|  0%| F|  |TAMS 0x000000008e700000| PB 0x000000008e700000| Untracked 
|  60|0x000000008e800000, 0x000000008e800000, 0x000000008e900000|  0%| F|  |TAMS 0x000000008e800000| PB 0x000000008e800000| Untracked 
|  61|0x000000008e900000, 0x000000008e900000, 0x000000008ea00000|  0%| F|  |TAMS 0x000000008e900000| PB 0x000000008e900000| Untracked 
|  62|0x000000008ea00000, 0x000000008ea00000, 0x000000008eb00000|  0%| F|  |TAMS 0x000000008ea00000| PB 0x000000008ea00000| Untracked 
|  63|0x000000008eb00000, 0x000000008eb00000, 0x000000008ec00000|  0%| F|  |TAMS 0x000000008eb00000| PB 0x000000008eb00000| Untracked 
|  64|0x000000008ec00000, 0x000000008ec00000, 0x000000008ed00000|  0%| F|  |TAMS 0x000000008ec00000| PB 0x000000008ec00000| Untracked 
|  65|0x000000008ed00000, 0x000000008ed00000, 0x000000008ee00000|  0%| F|  |TAMS 0x000000008ed00000| PB 0x000000008ed00000| Untracked 
|  66|0x000000008ee00000, 0x000000008ee00000, 0x000000008ef00000|  0%| F|  |TAMS 0x000000008ee00000| PB 0x000000008ee00000| Untracked 
|  67|0x000000008ef00000, 0x000000008ef00000, 0x000000008f000000|  0%| F|  |TAMS 0x000000008ef00000| PB 0x000000008ef00000| Untracked 
|  68|0x000000008f000000, 0x000000008f000000, 0x000000008f100000|  0%| F|  |TAMS 0x000000008f000000| PB 0x000000008f000000| Untracked 
|  69|0x000000008f100000, 0x000000008f100000, 0x000000008f200000|  0%| F|  |TAMS 0x000000008f100000| PB 0x000000008f100000| Untracked 
|  70|0x000000008f200000, 0x000000008f200000, 0x000000008f300000|  0%| F|  |TAMS 0x000000008f200000| PB 0x000000008f200000| Untracked 
|  71|0x000000008f300000, 0x000000008f300000, 0x000000008f400000|  0%| F|  |TAMS 0x000000008f300000| PB 0x000000008f300000| Untracked 
|  72|0x000000008f400000, 0x000000008f400000, 0x000000008f500000|  0%| F|  |TAMS 0x000000008f400000| PB 0x000000008f400000| Untracked 
|  73|0x000000008f500000, 0x000000008f500000, 0x000000008f600000|  0%| F|  |TAMS 0x000000008f500000| PB 0x000000008f500000| Untracked 
|  74|0x000000008f600000, 0x000000008f600000, 0x000000008f700000|  0%| F|  |TAMS 0x000000008f600000| PB 0x000000008f600000| Untracked 
|  75|0x000000008f700000, 0x000000008f700000, 0x000000008f800000|  0%| F|  |TAMS 0x000000008f700000| PB 0x000000008f700000| Untracked 
|  76|0x000000008f800000, 0x000000008f800000, 0x000000008f900000|  0%| F|  |TAMS 0x000000008f800000| PB 0x000000008f800000| Untracked 
|  77|0x000000008f900000, 0x000000008f900000, 0x000000008fa00000|  0%| F|  |TAMS 0x000000008f900000| PB 0x000000008f900000| Untracked 
|  78|0x000000008fa00000, 0x000000008fa00000, 0x000000008fb00000|  0%| F|  |TAMS 0x000000008fa00000| PB 0x000000008fa00000| Untracked 
|  79|0x000000008fb00000, 0x000000008fb00000, 0x000000008fc00000|  0%| F|  |TAMS 0x000000008fb00000| PB 0x000000008fb00000| Untracked 
|  80|0x000000008fc00000, 0x000000008fc00000, 0x000000008fd00000|  0%| F|  |TAMS 0x000000008fc00000| PB 0x000000008fc00000| Untracked 
| 116|0x0000000092000000, 0x0000000092000000, 0x0000000092100000|  0%| F|  |TAMS 0x0000000092000000| PB 0x0000000092000000| Untracked 
| 117|0x0000000092100000, 0x0000000092100000, 0x0000000092200000|  0%| F|  |TAMS 0x0000000092100000| PB 0x0000000092100000| Untracked 

Card table byte_map: [0x000002ab006e0000,0x000002ab00a90000] _byte_map_base: 0x000002ab0028a000

Marking Bits: (CMBitMap*) 0x000002ab796b0860
 Bits: [0x000002ab00a90000, 0x000002ab027e0000)

Polling page: 0x000002ab771b0000

Metaspace:

Usage:
  Non-class:     74.10 MB used.
      Class:     12.35 MB used.
       Both:     86.45 MB used.

Virtual space:
  Non-class space:      128.00 MB reserved,      74.69 MB ( 58%) committed,  2 nodes.
      Class space:        1.00 GB reserved,      12.75 MB (  1%) committed,  1 nodes.
             Both:        1.12 GB reserved,      87.44 MB (  8%) committed. 

Chunk freelists:
   Non-Class:  5.41 MB
       Class:  3.32 MB
        Both:  8.73 MB

MaxMetaspaceSize: unlimited
CompressedClassSpaceSize: 1.00 GB
Initial GC threshold: 21.00 MB
Current GC threshold: 145.75 MB
CDS: on
 - commit_granule_bytes: 65536.
 - commit_granule_words: 8192.
 - virtual_space_node_default_size: 8388608.
 - enlarge_chunks_in_place: 1.
 - use_allocation_guard: 0.


Internal statistics:

num_allocs_failed_limit: 11.
num_arena_births: 1964.
num_arena_deaths: 986.
num_vsnodes_births: 3.
num_vsnodes_deaths: 0.
num_space_committed: 1398.
num_space_uncommitted: 0.
num_chunks_returned_to_freelist: 1111.
num_chunks_taken_from_freelist: 5438.
num_chunk_merges: 256.
num_chunk_splits: 3568.
num_chunks_enlarged: 2764.
num_inconsistent_stats: 0.

CodeCache: size=49152Kb used=18635Kb max_used=19877Kb free=30517Kb
 bounds [0x000002ab7cfe0000, 0x000002ab7e3d0000, 0x000002ab7ffe0000]
 total_blobs=10555 nmethods=9786 adapters=691
 compilation: enabled
              stopped_count=0, restarted_count=0
 full_count=0

Compilation events (20 events):
Event: 1539.614 Thread 0x000002ab05453ee0 13526       1       org.apache.catalina.connector.Request::isAsyncSupported (17 bytes)
Event: 1539.614 Thread 0x000002ab05453ee0 nmethod 13526 0x000002ab7e13c710 code [0x000002ab7e13c8a0, 0x000002ab7e13c9b0]
Event: 1539.618 Thread 0x000002ab05453ee0 13527       1       tools.jackson.databind.util.internal.PrivateMaxEntriesMap$Node::getNext (5 bytes)
Event: 1539.618 Thread 0x000002ab05453ee0 nmethod 13527 0x000002ab7db0df90 code [0x000002ab7db0e120, 0x000002ab7db0e1e8]
Event: 1539.618 Thread 0x000002ab05453ee0 13528       1       tools.jackson.databind.util.internal.LinkedDeque::contains (32 bytes)
Event: 1539.618 Thread 0x000002ab05453ee0 nmethod 13528 0x000002ab7e13c310 code [0x000002ab7e13c4a0, 0x000002ab7e13c618]
Event: 1539.625 Thread 0x000002ab05453ee0 13529       1       org.springframework.core.annotation.AnnotatedMethod$AnnotatedMethodParameter::<init> (15 bytes)
Event: 1539.626 Thread 0x000002ab05453ee0 nmethod 13529 0x000002ab7e13bf10 code [0x000002ab7e13c0c0, 0x000002ab7e13c1f8]
Event: 1539.626 Thread 0x000002ab05453ee0 13531       1       org.springframework.util.MimeType::isMoreSpecific (138 bytes)
Event: 1539.627 Thread 0x000002ab05453ee0 nmethod 13531 0x000002ab7e13b410 code [0x000002ab7e13b660, 0x000002ab7e13bba0]
Event: 1539.627 Thread 0x000002ab05453ee0 13530       1       org.springframework.core.annotation.SynthesizingMethodParameter::<init> (7 bytes)
Event: 1539.628 Thread 0x000002ab05453ee0 nmethod 13530 0x000002ab7e13af10 code [0x000002ab7e13b0c0, 0x000002ab7e13b2e8]
Event: 1539.628 Thread 0x000002ab05453ee0 13532       1       org.apache.catalina.connector.Response::isSuspended (8 bytes)
Event: 1539.628 Thread 0x000002ab05453ee0 nmethod 13532 0x000002ab7db26490 code [0x000002ab7db26620, 0x000002ab7db266f8]
Event: 1539.628 Thread 0x000002ab05453ee0 13533       1       java.util.concurrent.atomic.AtomicLong::incrementAndGet (14 bytes)
Event: 1539.628 Thread 0x000002ab05453ee0 nmethod 13533 0x000002ab7db28410 code [0x000002ab7db285a0, 0x000002ab7db28680]
Event: 1621.590 Thread 0x000002ab05453ee0 13534       1       jdk.internal.util.ByteArray::setLong (10 bytes)
Event: 1621.592 Thread 0x000002ab05453ee0 nmethod 13534 0x000002ab7e13aa90 code [0x000002ab7e13ac40, 0x000002ab7e13ad80]
Event: 1624.186 Thread 0x000002ab05453ee0 13535       1       java.lang.Thread::clearReferences (40 bytes)
Event: 1624.187 Thread 0x000002ab05453ee0 nmethod 13535 0x000002ab7e13a610 code [0x000002ab7e13a7c0, 0x000002ab7e13aa00]

GC Heap History (20 events):
Event: 906.499 GC heap after
{Heap after GC invocations=52 (full 8):
 garbage-first heap   total 84992K, used 40545K [0x000000008ac00000, 0x0000000100000000)
  region size 1024K, 3 young (3072K), 3 survivors (3072K)
 Metaspace       used 87176K, committed 87936K, reserved 1179648K
  class space    used 12467K, committed 12800K, reserved 1048576K
}
Event: 1164.620 GC heap before
{Heap before GC invocations=52 (full 8):
 garbage-first heap   total 84992K, used 71265K [0x000000008ac00000, 0x0000000100000000)
  region size 1024K, 33 young (33792K), 3 survivors (3072K)
 Metaspace       used 87179K, committed 87936K, reserved 1179648K
  class space    used 12468K, committed 12800K, reserved 1048576K
}
Event: 1164.656 GC heap after
{Heap after GC invocations=53 (full 8):
 garbage-first heap   total 84992K, used 41310K [0x000000008ac00000, 0x0000000100000000)
  region size 1024K, 1 young (1024K), 1 survivors (1024K)
 Metaspace       used 87179K, committed 87936K, reserved 1179648K
  class space    used 12468K, committed 12800K, reserved 1048576K
}
Event: 1307.958 GC heap before
{Heap before GC invocations=54 (full 8):
 garbage-first heap   total 84992K, used 53598K [0x000000008ac00000, 0x0000000100000000)
  region size 1024K, 14 young (14336K), 1 survivors (1024K)
 Metaspace       used 87324K, committed 88064K, reserved 1179648K
  class space    used 12492K, committed 12800K, reserved 1048576K
}
Event: 1308.050 GC heap after
{Heap after GC invocations=55 (full 9):
 garbage-first heap   total 84992K, used 31459K [0x000000008ac00000, 0x0000000100000000)
  region size 1024K, 0 young (0K), 0 survivors (0K)
 Metaspace       used 87309K, committed 88064K, reserved 1179648K
  class space    used 12488K, committed 12800K, reserved 1048576K
}
Event: 1337.173 GC heap before
{Heap before GC invocations=55 (full 9):
 garbage-first heap   total 84992K, used 72419K [0x000000008ac00000, 0x0000000100000000)
  region size 1024K, 40 young (40960K), 0 survivors (0K)
 Metaspace       used 87641K, committed 88384K, reserved 1179648K
  class space    used 12542K, committed 12864K, reserved 1048576K
}
Event: 1337.180 GC heap after
{Heap after GC invocations=56 (full 9):
 garbage-first heap   total 84992K, used 35109K [0x000000008ac00000, 0x0000000100000000)
  region size 1024K, 4 young (4096K), 4 survivors (4096K)
 Metaspace       used 87641K, committed 88384K, reserved 1179648K
  class space    used 12542K, committed 12864K, reserved 1048576K
}
Event: 1338.150 GC heap before
{Heap before GC invocations=56 (full 9):
 garbage-first heap   total 84992K, used 71973K [0x000000008ac00000, 0x0000000100000000)
  region size 1024K, 41 young (41984K), 4 survivors (4096K)
 Metaspace       used 87997K, committed 88896K, reserved 1179648K
  class space    used 12603K, committed 12992K, reserved 1048576K
}
Event: 1338.167 GC heap after
{Heap after GC invocations=57 (full 9):
 garbage-first heap   total 84992K, used 39019K [0x000000008ac00000, 0x0000000100000000)
  region size 1024K, 4 young (4096K), 4 survivors (4096K)
 Metaspace       used 87997K, committed 88896K, reserved 1179648K
  class space    used 12603K, committed 12992K, reserved 1048576K
}
Event: 1388.682 GC heap before
{Heap before GC invocations=57 (full 9):
 garbage-first heap   total 84992K, used 72811K [0x000000008ac00000, 0x0000000100000000)
  region size 1024K, 37 young (37888K), 4 survivors (4096K)
 Metaspace       used 88193K, committed 89088K, reserved 1179648K
  class space    used 12629K, committed 12992K, reserved 1048576K
}
Event: 1388.700 GC heap after
{Heap after GC invocations=58 (full 9):
 garbage-first heap   total 84992K, used 41929K [0x000000008ac00000, 0x0000000100000000)
  region size 1024K, 3 young (3072K), 3 survivors (3072K)
 Metaspace       used 88193K, committed 89088K, reserved 1179648K
  class space    used 12629K, committed 12992K, reserved 1048576K
}
Event: 1487.217 GC heap before
{Heap before GC invocations=59 (full 9):
 garbage-first heap   total 84992K, used 62409K [0x000000008ac00000, 0x0000000100000000)
  region size 1024K, 24 young (24576K), 3 survivors (3072K)
 Metaspace       used 88070K, committed 89088K, reserved 1179648K
  class space    used 12598K, committed 12992K, reserved 1048576K
}
Event: 1487.285 GC heap after
{Heap after GC invocations=60 (full 10):
 garbage-first heap   total 84992K, used 31778K [0x000000008ac00000, 0x0000000100000000)
  region size 1024K, 0 young (0K), 0 survivors (0K)
 Metaspace       used 87942K, committed 89088K, reserved 1179648K
  class space    used 12563K, committed 12992K, reserved 1048576K
}
Event: 1487.980 GC heap before
{Heap before GC invocations=60 (full 10):
 garbage-first heap   total 84992K, used 69666K [0x000000008ac00000, 0x0000000100000000)
  region size 1024K, 38 young (38912K), 0 survivors (0K)
 Metaspace       used 88130K, committed 89088K, reserved 1179648K
  class space    used 12601K, committed 12992K, reserved 1048576K
}
Event: 1487.986 GC heap after
{Heap after GC invocations=61 (full 10):
 garbage-first heap   total 84992K, used 36066K [0x000000008ac00000, 0x0000000100000000)
  region size 1024K, 5 young (5120K), 5 survivors (5120K)
 Metaspace       used 88130K, committed 89088K, reserved 1179648K
  class space    used 12601K, committed 12992K, reserved 1048576K
}
Event: 1488.586 GC heap before
{Heap before GC invocations=61 (full 10):
 garbage-first heap   total 84992K, used 69858K [0x000000008ac00000, 0x0000000100000000)
  region size 1024K, 39 young (39936K), 5 survivors (5120K)
 Metaspace       used 88560K, committed 89472K, reserved 1179648K
  class space    used 12659K, committed 13056K, reserved 1048576K
}
Event: 1488.596 GC heap after
{Heap after GC invocations=62 (full 10):
 garbage-first heap   total 84992K, used 40098K [0x000000008ac00000, 0x0000000100000000)
  region size 1024K, 5 young (5120K), 5 survivors (5120K)
 Metaspace       used 88560K, committed 89472K, reserved 1179648K
  class space    used 12659K, committed 13056K, reserved 1048576K
}
Event: 1559.432 GC heap before
{Heap before GC invocations=62 (full 10):
 garbage-first heap   total 84992K, used 70818K [0x000000008ac00000, 0x0000000100000000)
  region size 1024K, 35 young (35840K), 5 survivors (5120K)
 Metaspace       used 88649K, committed 89536K, reserved 1179648K
  class space    used 12680K, committed 13056K, reserved 1048576K
}
Event: 1559.439 GC heap after
{Heap after GC invocations=63 (full 10):
 garbage-first heap   total 84992K, used 41853K [0x000000008ac00000, 0x0000000100000000)
  region size 1024K, 3 young (3072K), 3 survivors (3072K)
 Metaspace       used 88649K, committed 89536K, reserved 1179648K
  class space    used 12680K, committed 13056K, reserved 1048576K
}
Event: 1711.735 GC heap before
{Heap before GC invocations=64 (full 10):
 garbage-first heap   total 84992K, used 72573K [0x000000008ac00000, 0x0000000100000000)
  region size 1024K, 33 young (33792K), 3 survivors (3072K)
 Metaspace       used 88521K, committed 89536K, reserved 1179648K
  class space    used 12648K, committed 13056K, reserved 1048576K
}

Dll operation events (10 events):
Event: 0.023 Loaded shared library C:\Users\anjan\eclipse-workspace\sts-4.30.0.RELEASE\plugins\org.eclipse.justj.openjdk.hotspot.jre.full.win32.x86_64_21.0.6.v20250130-0529\jre\bin\java.dll
Event: 0.066 Loaded shared library C:\Users\anjan\eclipse-workspace\sts-4.30.0.RELEASE\plugins\org.eclipse.justj.openjdk.hotspot.jre.full.win32.x86_64_21.0.6.v20250130-0529\jre\bin\zip.dll
Event: 0.228 Loaded shared library C:\Users\anjan\eclipse-workspace\sts-4.30.0.RELEASE\plugins\org.eclipse.justj.openjdk.hotspot.jre.full.win32.x86_64_21.0.6.v20250130-0529\jre\bin\jimage.dll
Event: 0.237 Loaded shared library C:\Users\anjan\eclipse-workspace\sts-4.30.0.RELEASE\plugins\org.eclipse.justj.openjdk.hotspot.jre.full.win32.x86_64_21.0.6.v20250130-0529\jre\bin\net.dll
Event: 0.241 Loaded shared library C:\Users\anjan\eclipse-workspace\sts-4.30.0.RELEASE\plugins\org.eclipse.justj.openjdk.hotspot.jre.full.win32.x86_64_21.0.6.v20250130-0529\jre\bin\nio.dll
Event: 0.244 Loaded shared library C:\Users\anjan\eclipse-workspace\sts-4.30.0.RELEASE\plugins\org.eclipse.justj.openjdk.hotspot.jre.full.win32.x86_64_21.0.6.v20250130-0529\jre\bin\zip.dll
Event: 0.359 Loaded shared library C:\Users\anjan\eclipse-workspace\sts-4.30.0.RELEASE\plugins\org.eclipse.justj.openjdk.hotspot.jre.full.win32.x86_64_21.0.6.v20250130-0529\jre\bin\management.dll
Event: 0.387 Loaded shared library C:\Users\anjan\eclipse-workspace\sts-4.30.0.RELEASE\plugins\org.eclipse.justj.openjdk.hotspot.jre.full.win32.x86_64_21.0.6.v20250130-0529\jre\bin\management_ext.dll
Event: 0.744 Loaded shared library C:\Users\anjan\eclipse-workspace\sts-4.30.0.RELEASE\plugins\org.eclipse.justj.openjdk.hotspot.jre.full.win32.x86_64_21.0.6.v20250130-0529\jre\bin\extnet.dll
Event: 3.010 Loaded shared library C:\Users\anjan\eclipse-workspace\sts-4.30.0.RELEASE\plugins\org.eclipse.justj.openjdk.hotspot.jre.full.win32.x86_64_21.0.6.v20250130-0529\jre\bin\sunmscapi.dll

Deoptimization events (0 events):
No events

Classes loaded (20 events):
Event: 663.786 Loading class java/lang/invoke/MethodHandleImpl$CountingWrapper$1
Event: 663.788 Loading class java/lang/invoke/MethodHandleImpl$CountingWrapper$1 done
Event: 1209.382 Loading class java/util/ArrayList$SubList$2
Event: 1209.385 Loading class java/util/ArrayList$SubList$2 done
Event: 1213.063 Loading class sun/security/ssl/Alert
Event: 1213.065 Loading class sun/security/ssl/Alert done
Event: 1213.066 Loading class sun/security/ssl/Alert$AlertConsumer
Event: 1213.067 Loading class sun/security/ssl/Alert$AlertConsumer done
Event: 1213.067 Loading class sun/security/ssl/Alert$Level
Event: 1213.068 Loading class sun/security/ssl/Alert$Level done
Event: 1218.929 Loading class java/util/concurrent/ConcurrentLinkedQueue$Itr
Event: 1218.930 Loading class java/util/concurrent/ConcurrentLinkedQueue$Itr done
Event: 1337.213 Loading class java/net/InetAddressEditor
Event: 1337.213 Loading class java/net/InetAddressEditor done
Event: 1337.230 Loading class java/time/DurationEditor
Event: 1337.230 Loading class java/time/DurationEditor done
Event: 1487.837 Loading class java/net/InetAddressEditor
Event: 1487.837 Loading class java/net/InetAddressEditor done
Event: 1487.859 Loading class java/time/DurationEditor
Event: 1487.859 Loading class java/time/DurationEditor done

Classes unloaded (20 events):
Event: 1559.479 Thread 0x000002ab05423a30 Unloading class 0x000002ab07c97800 'java/lang/invoke/LambdaForm$MH+0x000002ab07c97800'
Event: 1559.479 Thread 0x000002ab05423a30 Unloading class 0x000002ab07c96c00 'java/lang/invoke/LambdaForm$MH+0x000002ab07c96c00'
Event: 1559.479 Thread 0x000002ab05423a30 Unloading class 0x000002ab07c96800 'java/lang/invoke/LambdaForm$MH+0x000002ab07c96800'
Event: 1559.479 Thread 0x000002ab05423a30 Unloading class 0x000002ab07c95400 'java/lang/invoke/LambdaForm$MH+0x000002ab07c95400'
Event: 1559.479 Thread 0x000002ab05423a30 Unloading class 0x000002ab07c93000 'java/lang/invoke/LambdaForm$MH+0x000002ab07c93000'
Event: 1559.479 Thread 0x000002ab05423a30 Unloading class 0x000002ab07c92000 'java/lang/invoke/LambdaForm$MH+0x000002ab07c92000'
Event: 1559.479 Thread 0x000002ab05423a30 Unloading class 0x000002ab07c84000 'org/apache/catalina/loader/JdbcLeakPrevention'
Event: 1559.479 Thread 0x000002ab05423a30 Unloading class 0x000002ab07c8fc00 'java/lang/invoke/LambdaForm$MH+0x000002ab07c8fc00'
Event: 1559.479 Thread 0x000002ab05423a30 Unloading class 0x000002ab07c8ec00 'java/lang/invoke/LambdaForm$MH+0x000002ab07c8ec00'
Event: 1559.479 Thread 0x000002ab05423a30 Unloading class 0x000002ab07c8e400 'java/lang/invoke/LambdaForm$MH+0x000002ab07c8e400'
Event: 1559.479 Thread 0x000002ab05423a30 Unloading class 0x000002ab07c8d000 'java/lang/invoke/LambdaForm$MH+0x000002ab07c8d000'
Event: 1559.479 Thread 0x000002ab05423a30 Unloading class 0x000002ab07c8c800 'java/lang/invoke/LambdaForm$MH+0x000002ab07c8c800'
Event: 1559.479 Thread 0x000002ab05423a30 Unloading class 0x000002ab07c8c000 'java/lang/invoke/LambdaForm$MH+0x000002ab07c8c000'
Event: 1559.479 Thread 0x000002ab05423a30 Unloading class 0x000002ab07c8b800 'java/lang/invoke/LambdaForm$MH+0x000002ab07c8b800'
Event: 1559.479 Thread 0x000002ab05423a30 Unloading class 0x000002ab07c89c00 'java/lang/invoke/LambdaForm$MH+0x000002ab07c89c00'
Event: 1559.479 Thread 0x000002ab05423a30 Unloading class 0x000002ab07c89000 'java/lang/invoke/LambdaForm$MH+0x000002ab07c89000'
Event: 1559.479 Thread 0x000002ab05423a30 Unloading class 0x000002ab07c88800 'java/lang/invoke/LambdaForm$MH+0x000002ab07c88800'
Event: 1559.479 Thread 0x000002ab05423a30 Unloading class 0x000002ab07c78000 'java/lang/invoke/LambdaForm$MH+0x000002ab07c78000'
Event: 1559.479 Thread 0x000002ab05423a30 Unloading class 0x000002ab07c75000 'java/lang/invoke/LambdaForm$MH+0x000002ab07c75000'
Event: 1559.479 Thread 0x000002ab05423a30 Unloading class 0x000002ab074a1400 'java/lang/invoke/LambdaForm$MH+0x000002ab074a1400'

Classes redefined (0 events):
No events

Internal exceptions (20 events):
Event: 1337.317 Thread 0x000002ab4e192470 Exception <a 'java/io/FileNotFoundException'{0x000000008f7ccb18}> (0x000000008f7ccb18) 
thrown [s\src\hotspot\share\prims\jni.cpp, line 520]
Event: 1337.400 Thread 0x000002ab4e192470 Exception <a 'java/io/FileNotFoundException'{0x000000008f5f7678}> (0x000000008f5f7678) 
thrown [s\src\hotspot\share\prims\jni.cpp, line 520]
Event: 1337.440 Thread 0x000002ab4e192470 Exception <a 'java/lang/NoSuchMethodError'{0x000000008f356088}: 'void java.lang.invoke.DelegatingMethodHandle$Holder.reinvoke_L(java.lang.Object, java.lang.Object, long)'> (0x000000008f356088) 
thrown [s\src\hotspot\share\interpreter\linkResolver.cpp, line 773]
Event: 1338.244 Thread 0x000002ab4e192470 Exception <a 'java/io/FileNotFoundException'{0x000000008fb18e50}> (0x000000008fb18e50) 
thrown [s\src\hotspot\share\prims\jni.cpp, line 520]
Event: 1338.245 Thread 0x000002ab4e192470 Exception <a 'java/io/FileNotFoundException'{0x000000008fb22f20}> (0x000000008fb22f20) 
thrown [s\src\hotspot\share\prims\jni.cpp, line 520]
Event: 1338.247 Thread 0x000002ab4e192470 Exception <a 'java/io/FileNotFoundException'{0x000000008fb2d2e0}> (0x000000008fb2d2e0) 
thrown [s\src\hotspot\share\prims\jni.cpp, line 520]
Event: 1338.248 Thread 0x000002ab4e192470 Exception <a 'java/io/FileNotFoundException'{0x000000008fb37898}> (0x000000008fb37898) 
thrown [s\src\hotspot\share\prims\jni.cpp, line 520]
Event: 1487.216 Thread 0x000002ab4e192b00 Exception <a 'java/lang/InterruptedException'{0x000000008ea76f88}: sleep interrupted> (0x000000008ea76f88) 
thrown [s\src\hotspot\share\prims\jvm.cpp, line 3074]
Event: 1487.305 Thread 0x000002ab4b88a500 Exception <a 'sun/nio/fs/WindowsException'{0x0000000092001e80}> (0x0000000092001e80) 
thrown [s\src\hotspot\share\prims\jni.cpp, line 520]
Event: 1487.799 Thread 0x000002ab4b88a500 Exception <a 'java/lang/NoSuchMethodError'{0x000000008e281b48}: 'void java.lang.invoke.DelegatingMethodHandle$Holder.reinvoke_L(java.lang.Object, java.lang.Object, int)'> (0x000000008e281b48) 
thrown [s\src\hotspot\share\interpreter\linkResolver.cpp, line 773]
Event: 1487.904 Thread 0x000002ab4b88a500 Exception <a 'java/lang/NoSuchMethodError'{0x000000008dbb85b0}: 'int java.lang.invoke.DirectMethodHandle$Holder.invokeVirtual(java.lang.Object, java.lang.Object, java.lang.Object, java.lang.Object)'> (0x000000008dbb85b0) 
thrown [s\src\hotspot\share\interpreter\linkResolver.cpp, line 773]
Event: 1487.904 Thread 0x000002ab4b88a500 Exception <a 'java/lang/NoSuchMethodError'{0x000000008dbbbba8}: 'int java.lang.invoke.DelegatingMethodHandle$Holder.reinvoke_L(java.lang.Object, java.lang.Object, java.lang.Object, java.lang.Object)'> (0x000000008dbbbba8) 
thrown [s\src\hotspot\share\interpreter\linkResolver.cpp, line 773]
Event: 1487.919 Thread 0x000002ab4b88a500 Exception <a 'java/io/FileNotFoundException'{0x000000008da0cc28}> (0x000000008da0cc28) 
thrown [s\src\hotspot\share\prims\jni.cpp, line 520]
Event: 1487.989 Thread 0x000002ab4b88a500 Exception <a 'java/io/FileNotFoundException'{0x000000009212e698}> (0x000000009212e698) 
thrown [s\src\hotspot\share\prims\jni.cpp, line 520]
Event: 1488.011 Thread 0x000002ab4b88a500 Exception <a 'java/lang/NoSuchMethodError'{0x0000000092089ba8}: 'void java.lang.invoke.DelegatingMethodHandle$Holder.reinvoke_L(java.lang.Object, java.lang.Object, long)'> (0x0000000092089ba8) 
thrown [s\src\hotspot\share\interpreter\linkResolver.cpp, line 773]
Event: 1488.517 Thread 0x000002ab4b88a500 Exception <a 'java/io/FileNotFoundException'{0x000000008e01e328}> (0x000000008e01e328) 
thrown [s\src\hotspot\share\prims\jni.cpp, line 520]
Event: 1488.518 Thread 0x000002ab4b88a500 Exception <a 'java/io/FileNotFoundException'{0x000000008e0283f8}> (0x000000008e0283f8) 
thrown [s\src\hotspot\share\prims\jni.cpp, line 520]
Event: 1488.518 Thread 0x000002ab4b88a500 Exception <a 'java/io/FileNotFoundException'{0x000000008e0327b8}> (0x000000008e0327b8) 
thrown [s\src\hotspot\share\prims\jni.cpp, line 520]
Event: 1488.519 Thread 0x000002ab4b88a500 Exception <a 'java/io/FileNotFoundException'{0x000000008e03cd70}> (0x000000008e03cd70) 
thrown [s\src\hotspot\share\prims\jni.cpp, line 520]
Event: 1501.332 Thread 0x000002ab05549c10 Exception <a 'java/lang/NoSuchMethodError'{0x000000008ec466c8}: static [B.<clinit>()V> (0x000000008ec466c8) 
thrown [s\src\hotspot\share\prims\jni.cpp, line 1111]

ZGC Phase Switch (0 events):
No events

VM Operations (20 events):
Event: 1489.608 Executing VM operation: Cleanup done
Event: 1499.693 Executing VM operation: Cleanup
Event: 1499.693 Executing VM operation: Cleanup done
Event: 1501.712 Executing VM operation: Cleanup
Event: 1501.712 Executing VM operation: Cleanup done
Event: 1503.088 Executing VM operation: HandshakeAllThreads (HandshakeForDeflation)
Event: 1503.088 Executing VM operation: HandshakeAllThreads (HandshakeForDeflation) done
Event: 1503.088 Executing VM operation: RendezvousGCThreads
Event: 1503.088 Executing VM operation: RendezvousGCThreads done
Event: 1559.432 Executing VM operation: G1CollectForAllocation (G1 Evacuation Pause)
Event: 1559.439 Executing VM operation: G1CollectForAllocation (G1 Evacuation Pause) done
Event: 1559.476 Executing VM operation: G1PauseRemark
Event: 1559.500 Executing VM operation: G1PauseRemark done
Event: 1559.515 Executing VM operation: G1PauseCleanup
Event: 1559.515 Executing VM operation: G1PauseCleanup done
Event: 1683.465 Executing VM operation: HandshakeAllThreads (HandshakeForDeflation)
Event: 1683.466 Executing VM operation: HandshakeAllThreads (HandshakeForDeflation) done
Event: 1683.466 Executing VM operation: RendezvousGCThreads
Event: 1683.466 Executing VM operation: RendezvousGCThreads done
Event: 1711.734 Executing VM operation: G1CollectForAllocation (G1 Evacuation Pause)

Memory protections (0 events):
No events

Nmethod flushes (20 events):
Event: 1487.249 Thread 0x000002ab05423a30 flushing  nmethod 0x000002ab7d691c90
Event: 1487.249 Thread 0x000002ab05423a30 flushing  nmethod 0x000002ab7d692890
Event: 1487.249 Thread 0x000002ab05423a30 flushing  nmethod 0x000002ab7d694c90
Event: 1487.249 Thread 0x000002ab05423a30 flushing  nmethod 0x000002ab7d6ac810
Event: 1487.249 Thread 0x000002ab05423a30 flushing  nmethod 0x000002ab7d756390
Event: 1487.249 Thread 0x000002ab05423a30 flushing  nmethod 0x000002ab7d836410
Event: 1487.249 Thread 0x000002ab05423a30 flushing  nmethod 0x000002ab7d836710
Event: 1487.249 Thread 0x000002ab05423a30 flushing  nmethod 0x000002ab7d9e9a10
Event: 1487.249 Thread 0x000002ab05423a30 flushing  nmethod 0x000002ab7da01a10
Event: 1487.249 Thread 0x000002ab05423a30 flushing  nmethod 0x000002ab7da15a10
Event: 1487.249 Thread 0x000002ab05423a30 flushing  nmethod 0x000002ab7da8bd90
Event: 1487.249 Thread 0x000002ab05423a30 flushing  nmethod 0x000002ab7dc3fe10
Event: 1487.249 Thread 0x000002ab05423a30 flushing  nmethod 0x000002ab7dc40710
Event: 1487.249 Thread 0x000002ab05423a30 flushing  nmethod 0x000002ab7de22310
Event: 1487.249 Thread 0x000002ab05423a30 flushing  nmethod 0x000002ab7de60b90
Event: 1487.249 Thread 0x000002ab05423a30 flushing  nmethod 0x000002ab7e05c090
Event: 1487.249 Thread 0x000002ab05423a30 flushing  nmethod 0x000002ab7e0ee790
Event: 1487.249 Thread 0x000002ab05423a30 flushing  nmethod 0x000002ab7e0eec10
Event: 1487.249 Thread 0x000002ab05423a30 flushing  nmethod 0x000002ab7e0f0910
Event: 1487.249 Thread 0x000002ab05423a30 flushing  nmethod 0x000002ab7e0f2b10

Events (20 events):
Event: 1488.787 Thread 0x000002ab4b88a500 Thread added: 0x000002ab4b88e6a0
Event: 1488.787 Thread 0x000002ab4b88a500 Thread added: 0x000002ab4b88ed30
Event: 1488.788 Thread 0x000002ab4b88a500 Thread added: 0x000002ab4b8900e0
Event: 1488.788 Thread 0x000002ab4b88a500 Thread added: 0x000002ab4b890770
Event: 1488.788 Thread 0x000002ab4b88a500 Thread added: 0x000002ab4b88d980
Event: 1488.788 Thread 0x000002ab4b88a500 Thread added: 0x000002ab4b890e00
Event: 1488.788 Thread 0x000002ab4b88a500 Thread added: 0x000002ab4e192470
Event: 1488.788 Thread 0x000002ab4b88a500 Thread added: 0x000002ab4e195f80
Event: 1488.793 Thread 0x000002ab4b88a500 Thread added: 0x000002ab4e192b00
Event: 1488.793 Thread 0x000002ab4b88a500 Thread added: 0x000002ab4e196610
Event: 1488.798 Thread 0x000002ab4b88a500 Thread exited: 0x000002ab4b88a500
Event: 1488.798 Thread 0x000002ab4b88e010 Thread exited: 0x000002ab4b88e010
Event: 1488.806 Thread 0x000002ab05453ee0 Thread added: 0x000002ab4e50f530
Event: 1488.806 Thread 0x000002ab05453ee0 Thread added: 0x000002ab4e50d510
Event: 1493.293 Thread 0x000002ab4b88bf40 Thread exited: 0x000002ab4b88bf40
Event: 1493.811 Thread 0x000002ab4e50d510 Thread exited: 0x000002ab4e50d510
Event: 1498.815 Thread 0x000002ab4e50f530 Thread exited: 0x000002ab4e50f530
Event: 1499.724 Thread 0x000002ab4b88d2f0 Thread exited: 0x000002ab4b88d2f0
Event: 1504.177 Thread 0x000002ab4b88e6a0 Thread added: 0x000002ab4e195260
Event: 1624.186 Thread 0x000002ab4e195260 Thread exited: 0x000002ab4e195260


Dynamic libraries:
0x00007ff685f20000 - 0x00007ff685f2e000 	C:\Users\anjan\eclipse-workspace\sts-4.30.0.RELEASE\plugins\org.eclipse.justj.openjdk.hotspot.jre.full.win32.x86_64_21.0.6.v20250130-0529\jre\bin\javaw.exe
0x00007ffa19760000 - 0x00007ffa199c8000 	C:\WINDOWS\SYSTEM32\ntdll.dll
0x00007ffa18390000 - 0x00007ffa18459000 	C:\WINDOWS\System32\KERNEL32.DLL
0x00007ffa16e50000 - 0x00007ffa17248000 	C:\WINDOWS\System32\KERNELBASE.dll
0x00007ffa16bd0000 - 0x00007ffa16d1b000 	C:\WINDOWS\System32\ucrtbase.dll
0x00007ffa10f10000 - 0x00007ffa10f28000 	C:\Users\anjan\eclipse-workspace\sts-4.30.0.RELEASE\plugins\org.eclipse.justj.openjdk.hotspot.jre.full.win32.x86_64_21.0.6.v20250130-0529\jre\bin\jli.dll
0x00007ffa00e60000 - 0x00007ffa00e7e000 	C:\Users\anjan\eclipse-workspace\sts-4.30.0.RELEASE\plugins\org.eclipse.justj.openjdk.hotspot.jre.full.win32.x86_64_21.0.6.v20250130-0529\jre\bin\VCRUNTIME140.dll
0x00007ffa18a20000 - 0x00007ffa18be7000 	C:\WINDOWS\System32\USER32.dll
0x00007ffa16ba0000 - 0x00007ffa16bc7000 	C:\WINDOWS\System32\win32u.dll
0x00007ff9fb7a0000 - 0x00007ff9fba34000 	C:\WINDOWS\WinSxS\amd64_microsoft.windows.common-controls_6595b64144ccf1df_6.0.26100.7019_none_3e06ffa0e335b8a8\COMCTL32.dll
0x00007ffa187d0000 - 0x00007ffa18879000 	C:\WINDOWS\System32\msvcrt.dll
0x00007ffa17590000 - 0x00007ffa175bb000 	C:\WINDOWS\System32\GDI32.dll
0x00007ffa16d20000 - 0x00007ffa16e4c000 	C:\WINDOWS\System32\gdi32full.dll
0x00007ffa16970000 - 0x00007ffa16a13000 	C:\WINDOWS\System32\msvcp_win.dll
0x00007ffa17820000 - 0x00007ffa17851000 	C:\WINDOWS\System32\IMM32.DLL
0x00007ffa010d0000 - 0x00007ffa010dc000 	C:\Users\anjan\eclipse-workspace\sts-4.30.0.RELEASE\plugins\org.eclipse.justj.openjdk.hotspot.jre.full.win32.x86_64_21.0.6.v20250130-0529\jre\bin\vcruntime140_1.dll
0x00007ff9f2f00000 - 0x00007ff9f2f8d000 	C:\Users\anjan\eclipse-workspace\sts-4.30.0.RELEASE\plugins\org.eclipse.justj.openjdk.hotspot.jre.full.win32.x86_64_21.0.6.v20250130-0529\jre\bin\msvcp140.dll
0x00007ff98b1f0000 - 0x00007ff98bf80000 	C:\Users\anjan\eclipse-workspace\sts-4.30.0.RELEASE\plugins\org.eclipse.justj.openjdk.hotspot.jre.full.win32.x86_64_21.0.6.v20250130-0529\jre\bin\server\jvm.dll
0x00007ffa18bf0000 - 0x00007ffa18ca4000 	C:\WINDOWS\System32\ADVAPI32.dll
0x00007ffa18640000 - 0x00007ffa186e6000 	C:\WINDOWS\System32\sechost.dll
0x00007ffa18db0000 - 0x00007ffa18ec8000 	C:\WINDOWS\System32\RPCRT4.dll
0x00007ffa175c0000 - 0x00007ffa17634000 	C:\WINDOWS\System32\WS2_32.dll
0x00007ffa16710000 - 0x00007ffa1676e000 	C:\WINDOWS\SYSTEM32\POWRPROF.dll
0x00007ffa0fc00000 - 0x00007ffa0fc35000 	C:\WINDOWS\SYSTEM32\WINMM.dll
0x00007ffa0fc40000 - 0x00007ffa0fc4b000 	C:\WINDOWS\SYSTEM32\VERSION.dll
0x00007ffa166f0000 - 0x00007ffa16704000 	C:\WINDOWS\SYSTEM32\UMPDC.dll
0x00007ffa155d0000 - 0x00007ffa155eb000 	C:\WINDOWS\SYSTEM32\kernel.appcore.dll
0x00007ffa11ce0000 - 0x00007ffa11cea000 	C:\Users\anjan\eclipse-workspace\sts-4.30.0.RELEASE\plugins\org.eclipse.justj.openjdk.hotspot.jre.full.win32.x86_64_21.0.6.v20250130-0529\jre\bin\jimage.dll
0x00007ffa0c0a0000 - 0x00007ffa0c2e2000 	C:\WINDOWS\SYSTEM32\DBGHELP.DLL
0x00007ffa18000000 - 0x00007ffa1838b000 	C:\WINDOWS\System32\combase.dll
0x00007ffa17740000 - 0x00007ffa17817000 	C:\WINDOWS\System32\OLEAUT32.dll
0x00007ff9fa220000 - 0x00007ff9fa25c000 	C:\WINDOWS\SYSTEM32\dbgcore.DLL
0x00007ffa172e0000 - 0x00007ffa17385000 	C:\WINDOWS\System32\bcryptPrimitives.dll
0x00007ffa021f0000 - 0x00007ffa0220f000 	C:\Users\anjan\eclipse-workspace\sts-4.30.0.RELEASE\plugins\org.eclipse.justj.openjdk.hotspot.jre.full.win32.x86_64_21.0.6.v20250130-0529\jre\bin\java.dll
0x00007ffa18f50000 - 0x00007ffa1969f000 	C:\WINDOWS\System32\SHELL32.dll
0x00007ffa17390000 - 0x00007ffa174fb000 	C:\WINDOWS\System32\wintypes.dll
0x00007ffa144d0000 - 0x00007ffa14d2d000 	C:\WINDOWS\SYSTEM32\windows.storage.dll
0x00007ffa17640000 - 0x00007ffa17732000 	C:\WINDOWS\System32\SHCORE.dll
0x00007ffa196b0000 - 0x00007ffa19717000 	C:\WINDOWS\System32\shlwapi.dll
0x00007ffa167d0000 - 0x00007ffa167f9000 	C:\WINDOWS\SYSTEM32\profapi.dll
0x00007ffa01050000 - 0x00007ffa01068000 	C:\Users\anjan\eclipse-workspace\sts-4.30.0.RELEASE\plugins\org.eclipse.justj.openjdk.hotspot.jre.full.win32.x86_64_21.0.6.v20250130-0529\jre\bin\zip.dll
0x00007ffa119d0000 - 0x00007ffa119e0000 	C:\Users\anjan\eclipse-workspace\sts-4.30.0.RELEASE\plugins\org.eclipse.justj.openjdk.hotspot.jre.full.win32.x86_64_21.0.6.v20250130-0529\jre\bin\net.dll
0x00007ffa0fa00000 - 0x00007ffa0fb28000 	C:\WINDOWS\SYSTEM32\WINHTTP.dll
0x00007ffa15be0000 - 0x00007ffa15c4b000 	C:\WINDOWS\system32\mswsock.dll
0x00007ffa00e80000 - 0x00007ffa00e96000 	C:\Users\anjan\eclipse-workspace\sts-4.30.0.RELEASE\plugins\org.eclipse.justj.openjdk.hotspot.jre.full.win32.x86_64_21.0.6.v20250130-0529\jre\bin\nio.dll
0x00007ffa00470000 - 0x00007ffa0047a000 	C:\Users\anjan\eclipse-workspace\sts-4.30.0.RELEASE\plugins\org.eclipse.justj.openjdk.hotspot.jre.full.win32.x86_64_21.0.6.v20250130-0529\jre\bin\management.dll
0x00007ffa00460000 - 0x00007ffa0046b000 	C:\Users\anjan\eclipse-workspace\sts-4.30.0.RELEASE\plugins\org.eclipse.justj.openjdk.hotspot.jre.full.win32.x86_64_21.0.6.v20250130-0529\jre\bin\management_ext.dll
0x00007ffa18700000 - 0x00007ffa18708000 	C:\WINDOWS\System32\PSAPI.DLL
0x00007ff9f5250000 - 0x00007ff9f5268000 	C:\WINDOWS\system32\napinsp.dll
0x00007ffa150f0000 - 0x00007ffa1521c000 	C:\WINDOWS\SYSTEM32\DNSAPI.dll
0x00007ffa15060000 - 0x00007ffa15094000 	C:\WINDOWS\SYSTEM32\IPHLPAPI.DLL
0x00007ffa17a20000 - 0x00007ffa17a2a000 	C:\WINDOWS\System32\NSI.dll
0x00007ff9f51a0000 - 0x00007ff9f51b2000 	C:\WINDOWS\System32\winrnr.dll
0x00007ff9f5170000 - 0x00007ff9f5192000 	C:\WINDOWS\system32\nlansp_c.dll
0x00007ff9f5150000 - 0x00007ff9f5166000 	C:\WINDOWS\system32\wshbth.dll
0x00007ffa0d8f0000 - 0x00007ffa0d8fb000 	C:\Windows\System32\rasadhlp.dll
0x00007ffa115b0000 - 0x00007ffa11636000 	C:\WINDOWS\System32\fwpuclnt.dll
0x00007ffa15ea0000 - 0x00007ffa15ebb000 	C:\WINDOWS\SYSTEM32\CRYPTSP.dll
0x00007ffa155f0000 - 0x00007ffa1562a000 	C:\WINDOWS\system32\rsaenh.dll
0x00007ffa15c90000 - 0x00007ffa15cbb000 	C:\WINDOWS\SYSTEM32\USERENV.dll
0x00007ffa167a0000 - 0x00007ffa167ca000 	C:\WINDOWS\SYSTEM32\bcrypt.dll
0x00007ffa15ec0000 - 0x00007ffa15ecc000 	C:\WINDOWS\SYSTEM32\CRYPTBASE.dll
0x00007ff9ff030000 - 0x00007ff9ff039000 	C:\Users\anjan\eclipse-workspace\sts-4.30.0.RELEASE\plugins\org.eclipse.justj.openjdk.hotspot.jre.full.win32.x86_64_21.0.6.v20250130-0529\jre\bin\extnet.dll
0x00007ffa10d30000 - 0x00007ffa10d3e000 	C:\Users\anjan\eclipse-workspace\sts-4.30.0.RELEASE\plugins\org.eclipse.justj.openjdk.hotspot.jre.full.win32.x86_64_21.0.6.v20250130-0529\jre\bin\sunmscapi.dll
0x00007ffa16a20000 - 0x00007ffa16b97000 	C:\WINDOWS\System32\CRYPT32.dll
0x00007ffa160c0000 - 0x00007ffa160f0000 	C:\WINDOWS\SYSTEM32\ncrypt.dll
0x00007ffa16070000 - 0x00007ffa160af000 	C:\WINDOWS\SYSTEM32\NTASN1.dll
0x00007ff9fe390000 - 0x00007ff9fe398000 	C:\WINDOWS\system32\wshunix.dll

dbghelp: loaded successfully - version: 4.0.5 - missing functions: none
symbol engine: initialized successfully - sym options: 0x614 - pdb path: .;C:\Users\anjan\eclipse-workspace\sts-4.30.0.RELEASE\plugins\org.eclipse.justj.openjdk.hotspot.jre.full.win32.x86_64_21.0.6.v20250130-0529\jre\bin;C:\WINDOWS\SYSTEM32;C:\WINDOWS\WinSxS\amd64_microsoft.windows.common-controls_6595b64144ccf1df_6.0.26100.7019_none_3e06ffa0e335b8a8;C:\Users\anjan\eclipse-workspace\sts-4.30.0.RELEASE\plugins\org.eclipse.justj.openjdk.hotspot.jre.full.win32.x86_64_21.0.6.v20250130-0529\jre\bin\server

VM Arguments:
jvm_args: -Dcom.sun.management.jmxremote -Dcom.sun.management.jmxremote.port=52031 -Dcom.sun.management.jmxremote.authenticate=false -Dcom.sun.management.jmxremote.ssl=false -Djava.rmi.server.hostname=localhost -Dspring.jmx.enabled=true -Dmanagement.endpoints.jmx.exposure.include=* -Dspring.application.admin.enabled=true -Dspring.output.ansi.enabled=always -XX:TieredStopAtLevel=1 -Dspring.boot.project.name=SpringBootPaymentGatewayRezorpay -Dfile.encoding=UTF-8 -Dstdout.encoding=UTF-8 -Dstderr.encoding=UTF-8 -XX:+ShowCodeDetailsInExceptionMessages 
java_command: com.nec.SpringBootPaymentGatewayRezorpayApplication
java_class_path (initial): C:\Users\anjan\Documents\workspace-spring-tools-for-eclipse-4.30.0.RELEASE\SpringBootPaymentGatewayRezorpay\target\classes;C:\Users\anjan\.m2\repository\org\springframework\boot\spring-boot-starter-data-jpa\4.0.0\spring-boot-starter-data-jpa-4.0.0.jar;C:\Users\anjan\.m2\repository\org\springframework\boot\spring-boot-starter\4.0.0\spring-boot-starter-4.0.0.jar;C:\Users\anjan\.m2\repository\org\springframework\boot\spring-boot-starter-logging\4.0.0\spring-boot-starter-logging-4.0.0.jar;C:\Users\anjan\.m2\repository\ch\qos\logback\logback-classic\1.5.21\logback-classic-1.5.21.jar;C:\Users\anjan\.m2\repository\ch\qos\logback\logback-core\1.5.21\logback-core-1.5.21.jar;C:\Users\anjan\.m2\repository\org\apache\logging\log4j\log4j-to-slf4j\2.25.2\log4j-to-slf4j-2.25.2.jar;C:\Users\anjan\.m2\repository\org\apache\logging\log4j\log4j-api\2.25.2\log4j-api-2.25.2.jar;C:\Users\anjan\.m2\repository\org\slf4j\jul-to-slf4j\2.0.17\jul-to-slf4j-2.0.17.jar;C:\Users\anjan\.m2\repository\jakarta\annotation\jakarta.annotation-api\3.0.0\jakarta.annotation-api-3.0.0.jar;C:\Users\anjan\.m2\repository\org\yaml\snakeyaml\2.5\snakeyaml-2.5.jar;C:\Users\anjan\.m2\repository\org\springframework\boot\spring-boot-starter-jdbc\4.0.0\spring-boot-starter-jdbc-4.0.0.jar;C:\Users\anjan\.m2\repository\com\zaxxer\HikariCP\7.0.2\HikariCP-7.0.2.jar;C:\Users\anjan\.m2\repository\org\slf4j\slf4j-api\2.0.17\slf4j-api-2.0.17.jar;C:\Users\anjan\.m2\repository\org\springframework\boot\spring-boot-data-jpa\4.0.0\spring-boot-data-jpa-4.0.0.jar;C:\Users\anjan\.m2\repository\org\springframework\boot\spring-boot-data-commons\4.0.0\spring-boot-data-commons-4.0.0.jar;C:\Users\anjan\.m2\repository\org\springframework\boot\spring-boot-persistence\4.0.0\spring-boot-persistence-4.0.0.jar;C:\Users\anjan\.m2\repository\org\springframework\data\spring-data-commons\4.0.0\spring-data-commons-4.0.0.jar;C:\Users\anjan\.m2\repository\org\springframework\boot\spring-boot-hibernate\4.0.0\spring-boot-hibernate-4.0.0.jar;C:\Users\anjan\.m2\repository\org\springframework\boot\spring-boot-jpa\4.0.0\spring-boot-jpa-4.0.0.jar;C:\Users\anjan\.m2\repository\jakarta\persistence\jakarta.persistence-api\3.2.0\jakarta.persistence-api-3.2.0.jar;C:\Users\anjan\.m2\repository\org\hibernate\orm\hibernate-core\7.1.8.Final\hibernate-core-7.1.8.Final.jar;C:\Users\anjan\.m2\repository\jakarta\transaction\jakarta.transaction-api\2.0.1\jakarta.transaction-api-2.0.1.jar;C:\Users\anjan\.m2\repository\org\hibernate\models\hibernate-models\1.0.1\hibernate-models-1.0.1.jar;C:\Users\anjan\.m2\repository\org\glassfish\jaxb\jaxb-runtime\4.0.6\jaxb-runtime-4.0.6.jar;C:\Users\anjan\.m2\repository\org\glassfish\jaxb\jaxb-core\4.0.6\jaxb-core-4.0.6.jar;C:\Users\anjan\.m2\repository\org\glassfish\jaxb\txw2\4.0.6\txw2-4.0.6.jar;C:\Users\anjan\.m2\repository\com\sun\istack\istack-commons-runtime\4.1.2\istack-commons-runtime-4.1.2.jar;C:\Users\anjan\.m2\repository\jakarta\inject\jakarta.inject-api\2.0.1\jakarta.inject-api-2.0.1.jar;C:\Users\anjan\.m2\repository\org\springframework\spring-orm\7.0.1\spring-orm-7.0.1.jar;C:\Users\anjan\.m2\repository\org\springframework\data\spring-data-jpa\4.0.0\spring-data-jpa-4.0.0.jar;C:\Users\anjan\.m2\repository\org\springframework\spring-aop\7.0.1\spring-aop-7.0.1.jar;C:\Users\anjan\.m2\repository\org\springframework\spring-tx\7.0.1\spring-tx-7.0.1.jar;C:\Users\anjan\.m2\repository\org\springframework\spring-beans\7.0.1\spring-beans-7.0.1.jar;C:\Users\anjan\.m2\repository\org\antlr\antlr4-runtime\4.13.2\antlr4-runtime-4.13.2.jar;C:\Users\anjan\.m2\repository\org\springframework\spring-aspects\7.0.1\spring-aspects-7.0.1.jar;C:\Users\anjan\.m2\repository\org\aspectj\aspectjweaver\1.9.25\aspectjweaver-1.9.25.jar;C:\Users\anjan\.m2\repository\org\springframework\boot\spring-boot-jdbc\4.0.0\spring-boot-jdbc-4.0.0.jar;C:\Users\anjan\.m2\repository\org\springframework\boot\spring-boot-sql\4.0.0\spring-boot-sql-4.0.0.jar;C:\Users\anjan\.m2\repository\org\springframework\boot\spring-boot-transaction\4.0.0\spring-boot-transaction-4.0.0.jar;C:\Users\anjan\.m2\repository\org\springframework\spring-jdbc\7.0.1\spring-jdbc-7.0.1.jar;C:\Users\anjan\.m2\repository\org\springframework\boot\spring-boot-starter-validation\4.0.0\spring-boot-starter-validation-4.0.0.jar;C:\Users\anjan\.m2\repository\org\springframework\boot\spring-boot-validation\4.0.0\spring-boot-validation-4.0.0.jar;C:\Users\anjan\.m2\repository\org\apache\tomcat\embed\tomcat-embed-el\11.0.14\tomcat-embed-el-11.0.14.jar;C:\Users\anjan\.m2\repository\org\hibernate\validator\hibernate-validator\9.0.1.Final\hibernate-validator-9.0.1.Final.jar;C:\Users\anjan\.m2\repository\jakarta\validation\jakarta.validation-api\3.1.1\jakarta.validation-api-3.1.1.jar;C:\Users\anjan\.m2\repository\org\jboss\logging\jboss-logging\3.6.1.Final\jboss-logging-3.6.1.Final.jar;C:\Users\anjan\.m2\repository\com\fasterxml\classmate\1.7.1\classmate-1.7.1.jar;C:\Users\anjan\.m2\repository\org\springframework\boot\spring-boot-starter-webmvc\4.0.0\spring-boot-starter-webmvc-4.0.0.jar;C:\Users\anjan\.m2\repository\org\springframework\boot\spring-boot-starter-jackson\4.0.0\spring-boot-starter-jackson-4.0.0.jar;C:\Users\anjan\.m2\repository\org\springframework\boot\spring-boot-jackson\4.0.0\spring-boot-jackson-4.0.0.jar;C:\Users\anjan\.m2\repository\tools\jackson\core\jackson-databind\3.0.2\jackson-databind-3.0.2.jar;C:\Users\anjan\.m2\repository\com\fasterxml\jackson\core\jackson-annotations\2.20\jackson-annotations-2.20.jar;C:\Users\anjan\.m2\repository\tools\jackson\core\jackson-core\3.0.2\jackson-core-3.0.2.jar;C:\Users\anjan\.m2\repository\org\springframework\boot\spring-boot-starter-tomcat\4.0.0\spring-boot-starter-tomcat-4.0.0.jar;C:\Users\anjan\.m2\repository\org\springframework\boot\spring-boot-starter-tomcat-runtime\4.0.0\spring-boot-starter-tomcat-runtime-4.0.0.jar;C:\Users\anjan\.m2\repository\org\apache\tomcat\embed\tomcat-embed-core\11.0.14\tomcat-embed-core-11.0.14.jar;C:\Users\anjan\.m2\repository\org\apache\tomcat\embed\tomcat-embed-websocket\11.0.14\tomcat-embed-websocket-11.0.14.jar;C:\Users\anjan\.m2\repository\org\springframework\boot\spring-boot-tomcat\4.0.0\spring-boot-tomcat-4.0.0.jar;C:\Users\anjan\.m2\repository\org\springframework\boot\spring-boot-http-converter\4.0.0\spring-boot-http-converter-4.0.0.jar;C:\Users\anjan\.m2\repository\org\springframework\spring-web\7.0.1\spring-web-7.0.1.jar;C:\Users\anjan\.m2\repository\io\micrometer\micrometer-observation\1.16.0\micrometer-observation-1.16.0.jar;C:\Users\anjan\.m2\repository\io\micrometer\micrometer-commons\1.16.0\micrometer-commons-1.16.0.jar;C:\Users\anjan\.m2\repository\org\springframework\boot\spring-boot-webmvc\4.0.0\spring-boot-webmvc-4.0.0.jar;C:\Users\anjan\.m2\repository\org\springframework\boot\spring-boot-servlet\4.0.0\spring-boot-servlet-4.0.0.jar;C:\Users\anjan\.m2\repository\org\springframework\spring-webmvc\7.0.1\spring-webmvc-7.0.1.jar;C:\Users\anjan\.m2\repository\org\springframework\spring-expression\7.0.1\spring-expression-7.0.1.jar;C:\Users\anjan\.m2\repository\org\springframework\boot\spring-boot-devtools\4.0.0\spring-boot-devtools-4.0.0.jar;C:\Users\anjan\.m2\repository\org\springframework\boot\spring-boot\4.0.0\spring-boot-4.0.0.jar;C:\Users\anjan\.m2\repository\org\springframework\spring-core\7.0.1\spring-core-7.0.1.jar;C:\Users\anjan\.m2\repository\commons-logging\commons-logging\1.3.5\commons-logging-1.3.5.jar;C:\Users\anjan\.m2\repository\org\jspecify\jspecify\1.0.0\jspecify-1.0.0.jar;C:\Users\anjan\.m2\repository\org\springframework\spring-context\7.0.1\spring-context-7.0.1.jar;C:\Users\anjan\.m2\repository\org\springframework\boot\spring-boot-autoconfigure\4.0.0\spring-boot-autoconfigure-4.0.0.jar;C:\Users\anjan\.m2\repository\com\mysql\mysql-connector-j\9.5.0\mysql-connector-j-9.5.0.jar;C:\Users\anjan\.m2\repository\org\projectlombok\lombok\1.18.42\lombok-1.18.42.jar;C:\Users\anjan\.m2\repository\jakarta\xml\bind\jakarta.xml.bind-api\4.0.4\jakarta.xml.bind-api-4.0.4.jar;C:\Users\anjan\.m2\repository\jakarta\activation\jakarta.activation-api\2.1.4\jakarta.activation-api-2.1.4.jar;C:\Users\anjan\.m2\repository\net\bytebuddy\byte-buddy\1.17.8\byte-buddy-1.17.8.jar;C:\Users\anjan\.m2\repository\org\springframework\boot\spring-boot-web-server\4.0.0\spring-boot-web-server-4.0.0.jar;C:\Users\anjan\.m2\repository\com\razorpay\razorpay-java\1.4.6\razorpay-java-1.4.6.jar;C:\Users\anjan\.m2\repository\org\json\json\20180130\json-20180130.jar;C:\Users\anjan\.m2\repository\com\squareup\okhttp3\okhttp\3.10.0\okhttp-3.10.0.jar;C:\Users\anjan\.m2\repository\com\squareup\okio\okio\1.14.0\okio-1.14.0.jar;C:\Users\anjan\.m2\repository\com\squareup\okhttp3\logging-interceptor\3.10.0\logging-interceptor-3.10.0.jar;C:\Users\anjan\.m2\repository\commons-codec\commons-codec\1.19.0\commons-codec-1.19.0.jar;C:\Users\anjan\.m2\repository\org\apache\commons\commons-text\1.3\commons-text-1.3.jar;C:\Users\anjan\.m2\repository\org\apache\commons\commons-lang3\3.19.0\commons-lang3-3.19.0.jar;C:\Users\anjan\.m2\repository\org\springframework\boot\spring-boot-starter-mail\4.0.0\spring-boot-starter-mail-4.0.0.jar;C:\Users\anjan\.m2\repository\org\springframework\boot\spring-boot-mail\4.0.0\spring-boot-mail-4.0.0.jar;C:\Users\anjan\.m2\repository\org\springframework\spring-context-support\7.0.1\spring-context-support-7.0.1.jar;C:\Users\anjan\.m2\repository\jakarta\mail\jakarta.mail-api\2.1.5\jakarta.mail-api-2.1.5.jar;C:\Users\anjan\.m2\repository\org\eclipse\angus\angus-mail\2.0.5\angus-mail-2.0.5.jar;C:\Users\anjan\.m2\repository\org\eclipse\angus\angus-activation\2.0.3\angus-activation-2.0.3.jar;C:\Users\anjan\.m2\repository\org\springframework\boot\spring-boot-starter-thymeleaf\4.0.0\spring-boot-starter-thymeleaf-4.0.0.jar;C:\Users\anjan\.m2\repository\org\springframework\boot\spring-boot-thymeleaf\4.0.0\spring-boot-thymeleaf-4.0.0.jar;C:\Users\anjan\.m2\repository\org\thymeleaf\thymeleaf-spring6\3.1.3.RELEASE\thymeleaf-spring6-3.1.3.RELEASE.jar;C:\Users\anjan\.m2\repository\org\thymeleaf\thymeleaf\3.1.3.RELEASE\thymeleaf-3.1.3.RELEASE.jar;C:\Users\anjan\.m2\repository\org\attoparser\attoparser\2.0.7.RELEASE\attoparser-2.0.7.RELEASE.jar;C:\Users\anjan\.m2\repository\org\unbescape\unbescape\1.1.6.RELEASE\unbescape-1.1.6.RELEASE.jar
Launcher Type: SUN_STANDARD

[Global flags]
     intx CICompilerCount                          = 4                                         {product} {ergonomic}
     uint ConcGCThreads                            = 3                                         {product} {ergonomic}
     uint G1ConcRefinementThreads                  = 10                                        {product} {ergonomic}
   size_t G1HeapRegionSize                         = 1048576                                   {product} {ergonomic}
    uintx GCDrainStackTargetSize                   = 64                                        {product} {ergonomic}
   size_t InitialHeapSize                          = 123731968                                 {product} {ergonomic}
     bool ManagementServer                         = true                                      {product} {command line}
   size_t MarkStackSize                            = 4194304                                   {product} {ergonomic}
   size_t MaxHeapSize                              = 1967128576                                {product} {ergonomic}
   size_t MaxNewSize                               = 1179648000                                {product} {ergonomic}
   size_t MinHeapDeltaBytes                        = 1048576                                   {product} {ergonomic}
   size_t MinHeapSize                              = 8388608                                   {product} {ergonomic}
    uintx NonNMethodCodeHeapSize                   = 4096                                   {pd product} {ergonomic}
    uintx NonProfiledCodeHeapSize                  = 0                                      {pd product} {ergonomic}
     bool ProfileInterpreter                       = false                                  {pd product} {command line}
    uintx ProfiledCodeHeapSize                     = 0                                      {pd product} {ergonomic}
     bool ShowCodeDetailsInExceptionMessages       = true                                   {manageable} {command line}
   size_t SoftMaxHeapSize                          = 1967128576                             {manageable} {ergonomic}
     intx TieredStopAtLevel                        = 1                                         {product} {command line}
     bool UseCompressedOops                        = true                           {product lp64_product} {ergonomic}
     bool UseG1GC                                  = true                                      {product} {ergonomic}
     bool UseLargePagesIndividualAllocation        = false                                  {pd product} {ergonomic}

Logging:
Log output configuration:
 #0: stdout all=warning uptime,level,tags foldmultilines=false
 #1: stderr all=off uptime,level,tags foldmultilines=false

Environment Variables:
PATH=C:/Users/anjan/eclipse-workspace/sts-4.30.0.RELEASE//plugins/org.eclipse.justj.openjdk.hotspot.jre.full.win32.x86_64_21.0.6.v20250130-0529/jre/bin/server;C:/Users/anjan/eclipse-workspace/sts-4.30.0.RELEASE//plugins/org.eclipse.justj.openjdk.hotspot.jre.full.win32.x86_64_21.0.6.v20250130-0529/jre/bin;C:\Program Files\Common Files\Oracle\Java\javapath;C:\WINDOWS\system32;C:\WINDOWS;C:\WINDOWS\System32\Wbem;C:\WINDOWS\System32\WindowsPowerShell\v1.0\;C:\WINDOWS\System32\OpenSSH\;C:\Program Files\Git\cmd;search-ms:displayname=Search%20Results%20in%20Program%20Files&crumb=location:C%3A%5CProgram%20Files\java;C:\Program Files\Java\jdk-21\bin;C:\Program Files\nodejs\;C:\Program Files\MySQL\MySQL Shell 8.0\bin\;C:\Users\anjan\AppData\Local\Programs\Python\Python311\Scripts\;C:\Users\anjan\AppData\Local\Programs\Python\Python311\;search-ms:displayname=Search%20Results%20in%20Program%20Files&crumb=location:C%3A%5CProgram%20Files\java;C:\Users\anjan\AppData\Local\Microsoft\WindowsApps;C:\Users\anjan\AppData\Roaming\npm;C:\Users\anjan\AppData\Local\Programs\Microsoft VS Code\bin;C:\Users\anjan\eclipse-workspace\sts-4.30.0.RELEASE;
USERNAME=anjan
OS=Windows_NT
PROCESSOR_IDENTIFIER=AMD64 Family 23 Model 104 Stepping 1, AuthenticAMD
TMP=C:\Users\anjan\AppData\Local\Temp
TEMP=C:\Users\anjan\AppData\Local\Temp




Periodic native trim disabled

---------------  S Y S T E M  ---------------

OS:
 Windows 11 , 64 bit Build 26100 (10.0.26100.7019)
OS uptime: 3 days 6:44 hours
Hyper-V role detected

CPU: total 12 (initial active 12) (12 cores per cpu, 2 threads per core) family 23 model 104 stepping 1 microcode 0x8608107, cx8, cmov, fxsr, ht, mmx, 3dnowpref, sse, sse2, sse3, ssse3, sse4a, sse4.1, sse4.2, popcnt, lzcnt, tsc, tscinvbit, avx, avx2, aes, clmul, bmi1, bmi2, adx, sha, fma, vzeroupper, clflush, clflushopt, hv, rdtscp, rdpid, f16c
Processor Information for processor 0
  Max Mhz: 2100, Current Mhz: 2100, Mhz Limit: 2100
Processor Information for processor 1
  Max Mhz: 2100, Current Mhz: 2100, Mhz Limit: 2100
Processor Information for processor 2
  Max Mhz: 2100, Current Mhz: 1813, Mhz Limit: 2100
Processor Information for processor 3
  Max Mhz: 2100, Current Mhz: 1813, Mhz Limit: 2100
Processor Information for processor 4
  Max Mhz: 2100, Current Mhz: 2100, Mhz Limit: 2100
Processor Information for processor 5
  Max Mhz: 2100, Current Mhz: 1813, Mhz Limit: 2100
Processor Information for processor 6
  Max Mhz: 2100, Current Mhz: 2100, Mhz Limit: 2100
Processor Information for processor 7
  Max Mhz: 2100, Current Mhz: 1813, Mhz Limit: 2100
Processor Information for processor 8
  Max Mhz: 2100, Current Mhz: 1813, Mhz Limit: 2100
Processor Information for processor 9
  Max Mhz: 2100, Current Mhz: 2100, Mhz Limit: 2100
Processor Information for processor 10
  Max Mhz: 2100, Current Mhz: 1813, Mhz Limit: 2100
Processor Information for processor 11
  Max Mhz: 2100, Current Mhz: 1813, Mhz Limit: 2100

Memory: 4k page, system-wide physical 7501M (995M free)
TotalPageFile size 16708M (AvailPageFile size 12M)
current process WorkingSet (physical memory assigned to process): 44M, peak: 283M
current process commit charge ("private bytes"): 328M, peak: 345M

vm_info: OpenJDK 64-Bit Server VM (21.0.6+7-LTS) for windows-amd64 JRE (21.0.6+7-LTS), built on 2025-01-21T00:00:00Z by "admin" with MS VC++ 17.7 (VS2022)

END.
